c:\users\andrea\desktop\cppcoursework2018\debug\courseworkbase2018.bsc
c:\users\andrea\desktop\cppcoursework2018\debug\vc141.pdb
c:\users\andrea\desktop\cppcoursework2018\debug\arrowobject.sbr
c:\users\andrea\desktop\cppcoursework2018\debug\enemyobject.sbr
c:\users\andrea\desktop\cppcoursework2018\debug\heroobject.sbr
c:\users\andrea\desktop\cppcoursework2018\debug\mainfunction.sbr
c:\users\andrea\desktop\cppcoursework2018\debug\baseengine.sbr
c:\users\andrea\desktop\cppcoursework2018\debug\displayableobject.sbr
c:\users\andrea\desktop\cppcoursework2018\debug\fontmanager.sbr
c:\users\andrea\desktop\cppcoursework2018\debug\jpgimage.sbr
c:\users\andrea\desktop\cppcoursework2018\debug\psyagceengine.sbr
c:\users\andrea\desktop\cppcoursework2018\debug\psyagcetilemanager.sbr
c:\users\andrea\desktop\cppcoursework2018\debug\simpledemo.sbr
c:\users\andrea\desktop\cppcoursework2018\debug\spriteobject.sbr
c:\users\andrea\desktop\cppcoursework2018\debug\statsbar.sbr
c:\users\andrea\desktop\cppcoursework2018\debug\test.sbr
c:\users\andrea\desktop\cppcoursework2018\debug\tilemanager.sbr
c:\users\andrea\desktop\cppcoursework2018\debug\bouncingball.sbr
c:\users\andrea\desktop\cppcoursework2018\debug\bouncingballmain.sbr
c:\users\andrea\desktop\cppcoursework2018\debug\demo1main.sbr
c:\users\andrea\desktop\cppcoursework2018\debug\demo2main.sbr
c:\users\andrea\desktop\cppcoursework2018\debug\demo2object.sbr
c:\users\andrea\desktop\cppcoursework2018\debug\demo2object.obj
c:\users\andrea\desktop\cppcoursework2018\debug\demo2main.obj
c:\users\andrea\desktop\cppcoursework2018\debug\demo1main.obj
c:\users\andrea\desktop\cppcoursework2018\debug\bouncingballmain.obj
c:\users\andrea\desktop\cppcoursework2018\debug\bouncingball.obj
c:\users\andrea\desktop\cppcoursework2018\debug\tilemanager.obj
c:\users\andrea\desktop\cppcoursework2018\debug\test.obj
c:\users\andrea\desktop\cppcoursework2018\debug\statsbar.obj
c:\users\andrea\desktop\cppcoursework2018\debug\spriteobject.obj
c:\users\andrea\desktop\cppcoursework2018\debug\simpledemo.obj
c:\users\andrea\desktop\cppcoursework2018\debug\psyagcetilemanager.obj
c:\users\andrea\desktop\cppcoursework2018\debug\psyagceengine.obj
c:\users\andrea\desktop\cppcoursework2018\debug\jpgimage.obj
c:\users\andrea\desktop\cppcoursework2018\debug\fontmanager.obj
c:\users\andrea\desktop\cppcoursework2018\debug\displayableobject.obj
c:\users\andrea\desktop\cppcoursework2018\debug\baseengine.obj
c:\users\andrea\desktop\cppcoursework2018\debug\mainfunction.obj
c:\users\andrea\desktop\cppcoursework2018\debug\heroobject.obj
c:\users\andrea\desktop\cppcoursework2018\debug\enemyobject.obj
c:\users\andrea\desktop\cppcoursework2018\debug\arrowobject.obj
c:\users\andrea\desktop\cppcoursework2018\debug\demo2tilemanager.sbr
c:\users\andrea\desktop\cppcoursework2018\debug\demo3main.sbr
c:\users\andrea\desktop\cppcoursework2018\debug\demo3object.sbr
c:\users\andrea\desktop\cppcoursework2018\debug\demo3objectfinished.sbr
c:\users\andrea\desktop\cppcoursework2018\debug\demo3tilemanager.sbr
c:\users\andrea\desktop\cppcoursework2018\debug\demo4main.sbr
c:\users\andrea\desktop\cppcoursework2018\debug\demo4object.sbr
c:\users\andrea\desktop\cppcoursework2018\debug\demo4tilemanager.sbr
c:\users\andrea\desktop\cppcoursework2018\debug\demo4tilemanager.obj
c:\users\andrea\desktop\cppcoursework2018\debug\demo4object.obj
c:\users\andrea\desktop\cppcoursework2018\debug\demo4main.obj
c:\users\andrea\desktop\cppcoursework2018\debug\demo3tilemanager.obj
c:\users\andrea\desktop\cppcoursework2018\debug\demo3objectfinished.obj
c:\users\andrea\desktop\cppcoursework2018\debug\demo3object.obj
c:\users\andrea\desktop\cppcoursework2018\debug\demo3main.obj
c:\users\andrea\desktop\cppcoursework2018\debug\demo2tilemanager.obj
c:\users\andrea\desktop\cppcoursework2018\debug\equipment.sbr
c:\users\andrea\desktop\cppcoursework2018\debug\courseworkbase2018.exe
c:\users\andrea\desktop\cppcoursework2018\debug\courseworkbase2018.ilk
c:\users\andrea\desktop\cppcoursework2018\src\map
c:\users\andrea\desktop\cppcoursework2018\debug\courseworkbase2018.pdb
c:\users\andrea\desktop\cppcoursework2018\debug\equipment.obj
c:\users\andrea\desktop\cppcoursework2018\/debug\courseworkbase2018.pdb
c:\users\andrea\desktop\cppcoursework2018\/debug\courseworkbase2018.exe
c:\users\andrea\desktop\cppcoursework2018\/debug\courseworkbase2018.bsc
c:\users\andrea\desktop\cppcoursework2018\/debug\courseworkbase2018.ilk
c:\users\andrea\desktop\cppcoursework2018\debug\coursewo.63f64093.tlog\bscmake.command.1.tlog
c:\users\andrea\desktop\cppcoursework2018\debug\coursewo.63f64093.tlog\bscmake.read.1.tlog
c:\users\andrea\desktop\cppcoursework2018\debug\coursewo.63f64093.tlog\bscmake.write.1.tlog
c:\users\andrea\desktop\cppcoursework2018\debug\coursewo.63f64093.tlog\cl.command.1.tlog
c:\users\andrea\desktop\cppcoursework2018\debug\coursewo.63f64093.tlog\cl.read.1.tlog
c:\users\andrea\desktop\cppcoursework2018\debug\coursewo.63f64093.tlog\cl.write.1.tlog
c:\users\andrea\desktop\cppcoursework2018\debug\coursewo.63f64093.tlog\link.command.1.tlog
c:\users\andrea\desktop\cppcoursework2018\debug\coursewo.63f64093.tlog\link.read.1.tlog
c:\users\andrea\desktop\cppcoursework2018\debug\coursewo.63f64093.tlog\link.write.1.tlog
